{"log.level":"trace","@timestamp":"2021-06-09T21:05:39.612Z","log":{"logger":"elastic-apm-node"},"ecs":{"version":"1.6.0"},"message":"agent configured correctly {\"pid\":1377820,\"ppid\":1372920,\"arch\":\"x64\",\"platform\":\"linux\",\"node\":\"v12.21.0\",\"agent\":\"3.13.0\",\"startTrace\":[\"at Agent.start (/media/lalla/New Volume/MYC/learn/services/node_modules/elastic-apm-node/lib/agent.js:189:11)\",\"at Object.<anonymous> (/media/lalla/New Volume/MYC/learn/services/A/service_a.js:15:41)\",\"at Module._compile (internal/modules/cjs/loader.js:999:30)\",\"at Object.Module._extensions..js (internal/modules/cjs/loader.js:1027:10)\",\"at Module.load (internal/modules/cjs/loader.js:863:32)\",\"at Function.Module._load (internal/modules/cjs/loader.js:708:14)\",\"at Function.executeUserEntryPoint [as runMain] (internal/modules/run_main.js:60:12)\",\"at internal/main/run_main_module.js:17:47\"],\"main\":\"<could not determine>\",\"dependencies\":\"<could not determine>\",\"conf\":{\"ignoreUrlStr\":[],\"ignoreUrlRegExp\":[],\"ignoreUserAgentStr\":[],\"ignoreUserAgentRegExp\":[],\"transactionIgnoreUrlRegExp\":[],\"sanitizeFieldNamesRegExp\":[{},{},{},{},{},{},{},{},{},{},{},{},{},{}],\"ignoreMessageQueuesRegExp\":[],\"abortedErrorThreshold\":25,\"active\":true,\"apiRequestSize\":786432,\"apiRequestTime\":10,\"asyncHooks\":true,\"breakdownMetrics\":true,\"captureBody\":\"off\",\"captureErrorLogStackTraces\":\"messages\",\"captureExceptions\":true,\"captureHeaders\":true,\"captureSpanStackTraces\":true,\"centralConfig\":true,\"cloudProvider\":\"auto\",\"disableInstrumentations\":[],\"environment\":\"development\",\"errorMessageMaxLength\":2048,\"errorOnAbortedRequests\":false,\"filterHttpHeaders\":true,\"ignoreMessageQueues\":[],\"instrument\":true,\"instrumentIncomingHTTPRequests\":true,\"logLevel\":\"trace\",\"logUncaughtExceptions\":false,\"metricsInterval\":30,\"metricsLimit\":1000,\"sanitizeFieldNames\":[\"password\",\"passwd\",\"pwd\",\"secret\",\"*key\",\"*token*\",\"*session*\",\"*credit*\",\"*card*\",\"authorization\",\"set-cookie\",\"pw\",\"pass\",\"connect.sid\"],\"serverTimeout\":30,\"sourceLinesErrorAppFrames\":5,\"sourceLinesErrorLibraryFrames\":5,\"sourceLinesSpanAppFrames\":0,\"sourceLinesSpanLibraryFrames\":0,\"stackTraceLimit\":50,\"transactionIgnoreUrls\":[],\"transactionMaxSpans\":500,\"transactionSampleRate\":1,\"useElasticTraceparentHeader\":true,\"usePathAsTransactionName\":false,\"verifyServerCert\":true,\"serviceName\":\"service-a\",\"secretToken\":\"\",\"apiKey\":\"\",\"serverUrl\":\"http://localhost:8200\",\"serviceVersion\":\"1.0.0\",\"serverHost\":\"localhost:8200\",\"serverPort\":8200}}"}
{"log.level":"debug","@timestamp":"2021-06-09T21:05:39.621Z","log":{"logger":"elastic-apm-node"},"ecs":{"version":"1.6.0"},"message":"adding hook to Node.js module loader"}
Running on http://0.0.0.0:3001
{"log.level":"debug","@timestamp":"2021-06-09T21:05:39.631Z","log":{"logger":"elastic-apm-node"},"ecs":{"version":"1.6.0"},"message":"shimming http@12.21.0 module"}
{"log.level":"debug","@timestamp":"2021-06-09T21:05:39.640Z","log":{"logger":"elastic-apm-node"},"ecs":{"version":"1.6.0"},"message":"shimming http.Server.prototype.emit function"}
{"log.level":"debug","@timestamp":"2021-06-09T21:05:39.640Z","log":{"logger":"elastic-apm-node"},"ecs":{"version":"1.6.0"},"message":"shimming http.ServerResponse.prototype.writeHead function"}
{"log.level":"debug","@timestamp":"2021-06-09T21:05:39.641Z","log":{"logger":"elastic-apm-node"},"ecs":{"version":"1.6.0"},"message":"shimming http.request function"}
{"log.level":"debug","@timestamp":"2021-06-09T21:05:39.641Z","log":{"logger":"elastic-apm-node"},"ecs":{"version":"1.6.0"},"message":"shimming http.get function"}
{"log.level":"debug","@timestamp":"2021-06-09T21:05:39.641Z","log":{"logger":"elastic-apm-node"},"ecs":{"version":"1.6.0"},"message":"no active transaction found - cannot build new span"}
{"log.level":"debug","@timestamp":"2021-06-09T21:05:39.641Z","log":{"logger":"elastic-apm-node"},"ecs":{"version":"1.6.0"},"message":"intercepted call to http.request {\"id\":null}"}
{"log.level":"debug","@timestamp":"2021-06-09T21:05:39.643Z","log":{"logger":"elastic-apm-node"},"ecs":{"version":"1.6.0"},"message":"no active transaction found - cannot build new span"}
{"log.level":"debug","@timestamp":"2021-06-09T21:05:39.643Z","log":{"logger":"elastic-apm-node"},"ecs":{"version":"1.6.0"},"message":"intercepted call to http.request {\"id\":null}"}
{"log.level":"debug","@timestamp":"2021-06-09T21:05:39.644Z","log":{"logger":"elastic-apm-node"},"ecs":{"version":"1.6.0"},"message":"no active transaction found - cannot build new span"}
{"log.level":"debug","@timestamp":"2021-06-09T21:05:39.644Z","log":{"logger":"elastic-apm-node"},"ecs":{"version":"1.6.0"},"message":"intercepted call to http.request {\"id\":null}"}
{"log.level":"debug","@timestamp":"2021-06-09T21:05:39.758Z","log":{"logger":"elastic-apm-node"},"ecs":{"version":"1.6.0"},"message":"no cloud metadata servers responded"}
{"log.level":"debug","@timestamp":"2021-06-09T21:05:39.764Z","log":{"logger":"elastic-apm-node"},"ecs":{"version":"1.6.0"},"message":"no active transaction found - cannot build new span"}
{"log.level":"debug","@timestamp":"2021-06-09T21:05:39.764Z","log":{"logger":"elastic-apm-node"},"ecs":{"version":"1.6.0"},"message":"intercepted call to http.request {\"id\":null}"}
{"log.level":"debug","@timestamp":"2021-06-09T21:06:09.650Z","log":{"logger":"elastic-apm-node"},"ecs":{"version":"1.6.0"},"message":"no active transaction found - cannot build new span"}
{"log.level":"debug","@timestamp":"2021-06-09T21:06:09.650Z","log":{"logger":"elastic-apm-node"},"ecs":{"version":"1.6.0"},"message":"intercepted call to http.request {\"id\":null}"}
{"log.level":"debug","@timestamp":"2021-06-09T21:06:09.707Z","log":{"logger":"elastic-apm-node"},"ecs":{"version":"1.6.0"},"message":"no active transaction found - cannot build new span"}
{"log.level":"debug","@timestamp":"2021-06-09T21:06:09.707Z","log":{"logger":"elastic-apm-node"},"ecs":{"version":"1.6.0"},"message":"intercepted call to http.get {\"id\":null}"}
{"log.level":"debug","@timestamp":"2021-06-09T21:06:39.648Z","log":{"logger":"elastic-apm-node"},"ecs":{"version":"1.6.0"},"message":"no active transaction found - cannot build new span"}
{"log.level":"debug","@timestamp":"2021-06-09T21:06:39.648Z","log":{"logger":"elastic-apm-node"},"ecs":{"version":"1.6.0"},"message":"intercepted call to http.request {\"id\":null}"}
{"log.level":"debug","@timestamp":"2021-06-09T21:06:39.757Z","log":{"logger":"elastic-apm-node"},"ecs":{"version":"1.6.0"},"message":"no active transaction found - cannot build new span"}
{"log.level":"debug","@timestamp":"2021-06-09T21:06:39.757Z","log":{"logger":"elastic-apm-node"},"ecs":{"version":"1.6.0"},"message":"intercepted call to http.get {\"id\":null}"}
{"log.level":"debug","@timestamp":"2021-06-09T21:07:09.647Z","log":{"logger":"elastic-apm-node"},"ecs":{"version":"1.6.0"},"message":"no active transaction found - cannot build new span"}
{"log.level":"debug","@timestamp":"2021-06-09T21:07:09.648Z","log":{"logger":"elastic-apm-node"},"ecs":{"version":"1.6.0"},"message":"intercepted call to http.request {\"id\":null}"}
{"log.level":"debug","@timestamp":"2021-06-09T21:07:09.818Z","log":{"logger":"elastic-apm-node"},"ecs":{"version":"1.6.0"},"message":"no active transaction found - cannot build new span"}
{"log.level":"debug","@timestamp":"2021-06-09T21:07:09.819Z","log":{"logger":"elastic-apm-node"},"ecs":{"version":"1.6.0"},"message":"intercepted call to http.get {\"id\":null}"}
{"log.level":"debug","@timestamp":"2021-06-09T21:07:39.648Z","log":{"logger":"elastic-apm-node"},"ecs":{"version":"1.6.0"},"message":"no active transaction found - cannot build new span"}
{"log.level":"debug","@timestamp":"2021-06-09T21:07:39.649Z","log":{"logger":"elastic-apm-node"},"ecs":{"version":"1.6.0"},"message":"intercepted call to http.request {\"id\":null}"}
{"log.level":"debug","@timestamp":"2021-06-09T21:07:39.892Z","log":{"logger":"elastic-apm-node"},"ecs":{"version":"1.6.0"},"message":"no active transaction found - cannot build new span"}
{"log.level":"debug","@timestamp":"2021-06-09T21:07:39.893Z","log":{"logger":"elastic-apm-node"},"ecs":{"version":"1.6.0"},"message":"intercepted call to http.get {\"id\":null}"}
{"log.level":"debug","@timestamp":"2021-06-09T21:08:09.650Z","log":{"logger":"elastic-apm-node"},"ecs":{"version":"1.6.0"},"message":"no active transaction found - cannot build new span"}
{"log.level":"debug","@timestamp":"2021-06-09T21:08:09.650Z","log":{"logger":"elastic-apm-node"},"ecs":{"version":"1.6.0"},"message":"intercepted call to http.request {\"id\":null}"}
{"log.level":"debug","@timestamp":"2021-06-09T21:08:09.959Z","log":{"logger":"elastic-apm-node"},"ecs":{"version":"1.6.0"},"message":"no active transaction found - cannot build new span"}
{"log.level":"debug","@timestamp":"2021-06-09T21:08:09.959Z","log":{"logger":"elastic-apm-node"},"ecs":{"version":"1.6.0"},"message":"intercepted call to http.get {\"id\":null}"}
{"log.level":"debug","@timestamp":"2021-06-09T21:08:39.650Z","log":{"logger":"elastic-apm-node"},"ecs":{"version":"1.6.0"},"message":"no active transaction found - cannot build new span"}
{"log.level":"debug","@timestamp":"2021-06-09T21:08:39.650Z","log":{"logger":"elastic-apm-node"},"ecs":{"version":"1.6.0"},"message":"intercepted call to http.request {\"id\":null}"}
{"log.level":"debug","@timestamp":"2021-06-09T21:08:40.029Z","log":{"logger":"elastic-apm-node"},"ecs":{"version":"1.6.0"},"message":"no active transaction found - cannot build new span"}
{"log.level":"debug","@timestamp":"2021-06-09T21:08:40.030Z","log":{"logger":"elastic-apm-node"},"ecs":{"version":"1.6.0"},"message":"intercepted call to http.get {\"id\":null}"}
{"log.level":"debug","@timestamp":"2021-06-09T21:08:58.711Z","log":{"logger":"elastic-apm-node"},"ecs":{"version":"1.6.0"},"message":"intercepted request event call to http.Server.prototype.emit for /"}
{"log.level":"debug","@timestamp":"2021-06-09T21:08:58.721Z","log":{"logger":"elastic-apm-node"},"ecs":{"version":"1.6.0"},"message":"start trace {\"trans\":\"a8ac3a701d128050\",\"trace\":\"fc4cf9cccb92575f9fefab267d43941e\",\"name\":\"unnamed\",\"type\":null,\"subtype\":null,\"action\":null}"}
{"log.level":"error","@timestamp":"2021-06-09T21:08:58.749Z","log":{"logger":"elastic-apm-node"},"key":"val","ecs":{"version":"1.6.0"},"message":{"msg":"hello lala","trace":{"trace.id":"fc4cf9cccb92575f9fefab267d43941e","transaction.id":"a8ac3a701d128050"}}}
Saved!
{"log.level":"debug","@timestamp":"2021-06-09T21:08:58.755Z","log":{"logger":"elastic-apm-node"},"ecs":{"version":"1.6.0"},"message":"setting transaction result {\"trans\":\"a8ac3a701d128050\",\"trace\":\"fc4cf9cccb92575f9fefab267d43941e\",\"result\":\"HTTP 3xx\"}"}
{"log.level":"debug","@timestamp":"2021-06-09T21:08:58.756Z","log":{"logger":"elastic-apm-node"},"ecs":{"version":"1.6.0"},"message":"setting default transaction name: GET / {\"trans\":\"a8ac3a701d128050\",\"trace\":\"fc4cf9cccb92575f9fefab267d43941e\"}"}
{"log.level":"debug","@timestamp":"2021-06-09T21:08:58.758Z","log":{"logger":"elastic-apm-node"},"ecs":{"version":"1.6.0"},"message":"sending transaction {\"trans\":\"a8ac3a701d128050\",\"trace\":\"fc4cf9cccb92575f9fefab267d43941e\"}"}
{"log.level":"debug","@timestamp":"2021-06-09T21:08:58.759Z","log":{"logger":"elastic-apm-node"},"ecs":{"version":"1.6.0"},"message":"ended transaction {\"trans\":\"a8ac3a701d128050\",\"trace\":\"fc4cf9cccb92575f9fefab267d43941e\",\"type\":\"request\",\"result\":\"HTTP 3xx\",\"name\":\"GET /\"}"}
{"log.level":"info","@timestamp":"2021-06-09T21:08:58.762Z","log":{"logger":"elastic-apm-node"},"ecs":{"version":"1.6.0"},"message":"Sending error to Elastic APM: {\"id\":\"6487520ba795916c9846ffc84128f7e9\"}"}
{"log.level":"debug","@timestamp":"2021-06-09T21:08:58.780Z","log":{"logger":"elastic-apm-node"},"ecs":{"version":"1.6.0"},"message":"no active transaction found - cannot build new span"}
{"log.level":"debug","@timestamp":"2021-06-09T21:08:58.781Z","log":{"logger":"elastic-apm-node"},"ecs":{"version":"1.6.0"},"message":"intercepted call to http.request {\"id\":null}"}
{"log.level":"debug","@timestamp":"2021-06-09T21:09:09.652Z","log":{"logger":"elastic-apm-node"},"ecs":{"version":"1.6.0"},"message":"no active transaction found - cannot build new span"}
{"log.level":"debug","@timestamp":"2021-06-09T21:09:09.652Z","log":{"logger":"elastic-apm-node"},"ecs":{"version":"1.6.0"},"message":"intercepted call to http.request {\"id\":null}"}
{"log.level":"debug","@timestamp":"2021-06-09T21:09:10.098Z","log":{"logger":"elastic-apm-node"},"ecs":{"version":"1.6.0"},"message":"no active transaction found - cannot build new span"}
{"log.level":"debug","@timestamp":"2021-06-09T21:09:10.098Z","log":{"logger":"elastic-apm-node"},"ecs":{"version":"1.6.0"},"message":"intercepted call to http.get {\"id\":null}"}
